<?xml version="1.0" encoding="UTF-8"?>
<!-- Generated by org.testng.reporters.JUnitXMLReporter -->
<testsuite hostname="Preetish" ignored="0" name="Request a call back from Test" tests="2" failures="0" timestamp="2021-04-17T07:19:38 IST" time="16.652" errors="0">
  <testcase name="browserSetupEngine" time="12.116" classname="com.moneyhop.test.RequestCallBackTest"/>
  <testcase name="fillDetailsFrom" time="3.389" classname="com.moneyhop.test.RequestCallBackTest"/>
</testsuite> <!-- Request a call back from Test -->
