<?xml version="1.0" encoding="UTF-8"?>
<testng-results skipped="0" failed="0" ignored="0" total="2" passed="2">
  <reporter-output>
  </reporter-output>
  <suite name="Request a CAllback_Suite" duration-ms="45984" started-at="2021-04-17T09:05:11 IST" finished-at="2021-04-17T09:05:57 IST">
    <groups>
    </groups>
    <test name="Fill the form" duration-ms="45984" started-at="2021-04-17T09:05:11 IST" finished-at="2021-04-17T09:05:57 IST">
      <class name="com.moneyhop.test.RequestCallBackTest">
        <test-method status="PASS" signature="beforeSuite(org.testng.ITestContext)[pri:0, instance:com.moneyhop.test.RequestCallBackTest@757942a1]" name="beforeSuite" is-config="true" duration-ms="1206" started-at="2021-04-17T09:05:10 IST" finished-at="2021-04-17T09:05:11 IST">
          <params>
            <param index="0">
              <value>
                <![CDATA[org.testng.TestRunner@360e9c06]]>
              </value>
            </param>
          </params>
          <reporter-output>
          </reporter-output>
        </test-method> <!-- beforeSuite -->
        <test-method status="PASS" signature="beforeTest(org.testng.ITestContext)[pri:0, instance:com.moneyhop.test.RequestCallBackTest@757942a1]" name="beforeTest" is-config="true" duration-ms="1" started-at="2021-04-17T09:05:11 IST" finished-at="2021-04-17T09:05:11 IST">
          <params>
            <param index="0">
              <value>
                <![CDATA[org.testng.TestRunner@360e9c06]]>
              </value>
            </param>
          </params>
          <reporter-output>
          </reporter-output>
        </test-method> <!-- beforeTest -->
        <test-method status="PASS" signature="beforeClass(org.testng.ITestContext)[pri:0, instance:com.moneyhop.test.RequestCallBackTest@757942a1]" name="beforeClass" is-config="true" duration-ms="41" started-at="2021-04-17T09:05:11 IST" finished-at="2021-04-17T09:05:11 IST">
          <params>
            <param index="0">
              <value>
                <![CDATA[org.testng.TestRunner@360e9c06]]>
              </value>
            </param>
          </params>
          <reporter-output>
          </reporter-output>
        </test-method> <!-- beforeClass -->
        <test-method status="PASS" signature="setup(java.lang.reflect.Method, org.testng.ITestResult)[pri:0, instance:com.moneyhop.test.RequestCallBackTest@757942a1]" name="setup" is-config="true" duration-ms="6" started-at="2021-04-17T09:05:11 IST" finished-at="2021-04-17T09:05:11 IST">
          <params>
            <param index="0">
              <value>
                <![CDATA[public void com.moneyhop.test.RequestCallBackTest.browserSetupEngine(java.lang.String) throws java.lang.Exception]]>
              </value>
            </param>
            <param index="1">
              <value>
                <![CDATA[[TestResult name={null} status=CREATED method=RequestCallBackTest.browserSetupEngine(java.lang.String)[pri:0, instance:com.moneyhop.test.RequestCallBackTest@757942a1] output={null}]]]>
              </value>
            </param>
          </params>
          <reporter-output>
          </reporter-output>
        </test-method> <!-- setup -->
        <test-method status="PASS" signature="browserSetupEngine(java.lang.String)[pri:0, instance:com.moneyhop.test.RequestCallBackTest@757942a1]" name="browserSetupEngine" duration-ms="24890" started-at="2021-04-17T09:05:11 IST" finished-at="2021-04-17T09:05:36 IST">
          <params>
            <param index="0">
              <value>
                <![CDATA[chrome]]>
              </value>
            </param>
          </params>
          <reporter-output>
          </reporter-output>
        </test-method> <!-- browserSetupEngine -->
        <test-method status="PASS" signature="getResult(java.lang.reflect.Method, org.testng.ITestResult)[pri:0, instance:com.moneyhop.test.RequestCallBackTest@757942a1]" name="getResult" is-config="true" duration-ms="474" started-at="2021-04-17T09:05:36 IST" finished-at="2021-04-17T09:05:36 IST">
          <params>
            <param index="0">
              <value>
                <![CDATA[public void com.moneyhop.test.RequestCallBackTest.browserSetupEngine(java.lang.String) throws java.lang.Exception]]>
              </value>
            </param>
            <param index="1">
              <value>
                <![CDATA[[TestResult name=browserSetupEngine status=SUCCESS method=RequestCallBackTest.browserSetupEngine(java.lang.String)[pri:0, instance:com.moneyhop.test.RequestCallBackTest@757942a1] output={null}]]]>
              </value>
            </param>
          </params>
          <reporter-output>
          </reporter-output>
        </test-method> <!-- getResult -->
        <test-method status="PASS" signature="setup(java.lang.reflect.Method, org.testng.ITestResult)[pri:0, instance:com.moneyhop.test.RequestCallBackTest@757942a1]" name="setup" is-config="true" duration-ms="1" started-at="2021-04-17T09:05:36 IST" finished-at="2021-04-17T09:05:36 IST">
          <params>
            <param index="0">
              <value>
                <![CDATA[public void com.moneyhop.test.RequestCallBackTest.fillDetailsFrom()]]>
              </value>
            </param>
            <param index="1">
              <value>
                <![CDATA[[TestResult name={null} status=CREATED method=RequestCallBackTest.fillDetailsFrom()[pri:0, instance:com.moneyhop.test.RequestCallBackTest@757942a1] output={null}]]]>
              </value>
            </param>
          </params>
          <reporter-output>
          </reporter-output>
        </test-method> <!-- setup -->
        <test-method status="PASS" signature="fillDetailsFrom()[pri:0, instance:com.moneyhop.test.RequestCallBackTest@757942a1]" name="fillDetailsFrom" duration-ms="20230" started-at="2021-04-17T09:05:36 IST" finished-at="2021-04-17T09:05:57 IST">
          <reporter-output>
          </reporter-output>
        </test-method> <!-- fillDetailsFrom -->
        <test-method status="PASS" signature="getResult(java.lang.reflect.Method, org.testng.ITestResult)[pri:0, instance:com.moneyhop.test.RequestCallBackTest@757942a1]" name="getResult" is-config="true" duration-ms="85" started-at="2021-04-17T09:05:57 IST" finished-at="2021-04-17T09:05:57 IST">
          <params>
            <param index="0">
              <value>
                <![CDATA[public void com.moneyhop.test.RequestCallBackTest.fillDetailsFrom()]]>
              </value>
            </param>
            <param index="1">
              <value>
                <![CDATA[[TestResult name=fillDetailsFrom status=SUCCESS method=RequestCallBackTest.fillDetailsFrom()[pri:0, instance:com.moneyhop.test.RequestCallBackTest@757942a1] output={null}]]]>
              </value>
            </param>
          </params>
          <reporter-output>
          </reporter-output>
        </test-method> <!-- getResult -->
        <test-method status="PASS" signature="afterClass()[pri:0, instance:com.moneyhop.test.RequestCallBackTest@757942a1]" name="afterClass" is-config="true" duration-ms="69" started-at="2021-04-17T09:05:57 IST" finished-at="2021-04-17T09:05:57 IST">
          <reporter-output>
          </reporter-output>
        </test-method> <!-- afterClass -->
        <test-method status="PASS" signature="quitbrowser(org.testng.ITestContext)[pri:0, instance:com.moneyhop.test.RequestCallBackTest@757942a1]" name="quitbrowser" is-config="true" duration-ms="80" started-at="2021-04-17T09:05:57 IST" finished-at="2021-04-17T09:05:57 IST">
          <params>
            <param index="0">
              <value>
                <![CDATA[org.testng.TestRunner@360e9c06]]>
              </value>
            </param>
          </params>
          <reporter-output>
          </reporter-output>
        </test-method> <!-- quitbrowser -->
        <test-method status="PASS" signature="teardown(org.testng.ITestContext)[pri:0, instance:com.moneyhop.test.RequestCallBackTest@757942a1]" name="teardown" is-config="true" duration-ms="1062" started-at="2021-04-17T09:05:57 IST" finished-at="2021-04-17T09:05:58 IST">
          <params>
            <param index="0">
              <value>
                <![CDATA[org.testng.TestRunner@360e9c06]]>
              </value>
            </param>
          </params>
          <reporter-output>
          </reporter-output>
        </test-method> <!-- teardown -->
      </class> <!-- com.moneyhop.test.RequestCallBackTest -->
    </test> <!-- Fill the form -->
  </suite> <!-- Request a CAllback_Suite -->
</testng-results>
